<?xml version="1.0" encoding="UTF-8"?>
<testng-results skipped="0" failed="0" ignored="0" total="1" passed="1">
  <reporter-output>
  </reporter-output>
  <suite name="Default suite" duration-ms="12070" started-at="2018-01-01T14:29:26Z" finished-at="2018-01-01T14:29:38Z">
    <groups>
    </groups>
    <test name="Default test" duration-ms="12070" started-at="2018-01-01T14:29:26Z" finished-at="2018-01-01T14:29:38Z">
      <class name="com.orangehrm.webapplication.WebBrowser">
        <test-method status="PASS" signature="browser()[pri:0, instance:com.orangehrm.webapplication.WebBrowser@548a9f61]" name="browser" duration-ms="12043" started-at="2018-01-01T19:59:26Z" finished-at="2018-01-01T19:59:38Z">
          <reporter-output>
          </reporter-output>
        </test-method> <!-- browser -->
      </class> <!-- com.orangehrm.webapplication.WebBrowser -->
    </test> <!-- Default test -->
  </suite> <!-- Default suite -->
</testng-results>
